mode: set
gitlab.com/meta-node/core/utilities/utilities.go:7.31,8.16 1 0
gitlab.com/meta-node/core/utilities/utilities.go:8.16,10.3 1 0
gitlab.com/meta-node/core/proto/receipt.pb.go:38.27,40.29 2 0
gitlab.com/meta-node/core/proto/receipt.pb.go:40.29,44.3 3 0
gitlab.com/meta-node/core/proto/receipt.pb.go:47.35,49.2 1 0
gitlab.com/meta-node/core/proto/receipt.pb.go:51.33,51.34 0 0
gitlab.com/meta-node/core/proto/receipt.pb.go:53.55,55.41 2 0
gitlab.com/meta-node/core/proto/receipt.pb.go:62.2,62.24 1 0
gitlab.com/meta-node/core/proto/receipt.pb.go:55.41,57.34 2 0
gitlab.com/meta-node/core/proto/receipt.pb.go:60.3,60.12 1 0
gitlab.com/meta-node/core/proto/receipt.pb.go:57.34,59.4 1 0
gitlab.com/meta-node/core/proto/receipt.pb.go:66.46,68.2 1 0
gitlab.com/meta-node/core/proto/receipt.pb.go:70.47,71.14 1 0
gitlab.com/meta-node/core/proto/receipt.pb.go:74.2,74.12 1 0
gitlab.com/meta-node/core/proto/receipt.pb.go:71.14,73.3 1 0
gitlab.com/meta-node/core/proto/receipt.pb.go:77.43,78.14 1 0
gitlab.com/meta-node/core/proto/receipt.pb.go:81.2,81.12 1 0
gitlab.com/meta-node/core/proto/receipt.pb.go:78.14,80.3 1 0
gitlab.com/meta-node/core/proto/receipt.pb.go:84.41,85.14 1 0
gitlab.com/meta-node/core/proto/receipt.pb.go:88.2,88.12 1 0
gitlab.com/meta-node/core/proto/receipt.pb.go:85.14,87.3 1 0
gitlab.com/meta-node/core/proto/receipt.pb.go:91.37,92.14 1 0
gitlab.com/meta-node/core/proto/receipt.pb.go:95.2,95.10 1 0
gitlab.com/meta-node/core/proto/receipt.pb.go:92.14,94.3 1 0
gitlab.com/meta-node/core/proto/receipt.pb.go:98.35,99.14 1 0
gitlab.com/meta-node/core/proto/receipt.pb.go:102.2,102.10 1 0
gitlab.com/meta-node/core/proto/receipt.pb.go:99.14,101.3 1 0
gitlab.com/meta-node/core/proto/receipt.pb.go:105.41,106.14 1 0
gitlab.com/meta-node/core/proto/receipt.pb.go:109.2,109.12 1 0
gitlab.com/meta-node/core/proto/receipt.pb.go:106.14,108.3 1 0
gitlab.com/meta-node/core/proto/receipt.pb.go:112.37,113.14 1 0
gitlab.com/meta-node/core/proto/receipt.pb.go:116.2,116.10 1 0
gitlab.com/meta-node/core/proto/receipt.pb.go:113.14,115.3 1 0
gitlab.com/meta-node/core/proto/receipt.pb.go:119.35,120.14 1 0
gitlab.com/meta-node/core/proto/receipt.pb.go:123.2,123.12 1 0
gitlab.com/meta-node/core/proto/receipt.pb.go:120.14,122.3 1 0
gitlab.com/meta-node/core/proto/receipt.pb.go:156.52,157.49 1 0
gitlab.com/meta-node/core/proto/receipt.pb.go:160.2,160.45 1 0
gitlab.com/meta-node/core/proto/receipt.pb.go:157.49,159.3 1 0
gitlab.com/meta-node/core/proto/receipt.pb.go:177.13,177.48 1 1
gitlab.com/meta-node/core/proto/receipt.pb.go:178.38,179.37 1 1
gitlab.com/meta-node/core/proto/receipt.pb.go:182.2,183.30 2 1
gitlab.com/meta-node/core/proto/receipt.pb.go:197.2,214.40 6 1
gitlab.com/meta-node/core/proto/receipt.pb.go:179.37,181.3 1 0
gitlab.com/meta-node/core/proto/receipt.pb.go:183.30,184.90 1 0
gitlab.com/meta-node/core/proto/receipt.pb.go:184.90,185.32 1 0
gitlab.com/meta-node/core/proto/receipt.pb.go:186.11,187.20 1 0
gitlab.com/meta-node/core/proto/receipt.pb.go:188.11,189.24 1 0
gitlab.com/meta-node/core/proto/receipt.pb.go:190.11,191.28 1 0
gitlab.com/meta-node/core/proto/receipt.pb.go:192.12,193.15 1 0
gitlab.com/meta-node/core/network/connection.go:27.63,29.16 2 0
gitlab.com/meta-node/core/network/connection.go:33.2,37.12 5 0
gitlab.com/meta-node/core/network/connection.go:29.16,32.3 2 0
gitlab.com/meta-node/core/crypto/bls.go:13.13,16.2 2 1
gitlab.com/meta-node/core/crypto/bls.go:18.48,19.13 1 1
gitlab.com/meta-node/core/crypto/bls.go:22.2,25.25 4 1
gitlab.com/meta-node/core/crypto/bls.go:19.13,21.3 1 0
gitlab.com/meta-node/core/crypto/bls.go:28.43,32.2 3 1
gitlab.com/meta-node/core/crypto/bls.go:34.42,37.2 2 0
gitlab.com/meta-node/core/crypto/bls.go:39.61,40.13 1 1
gitlab.com/meta-node/core/crypto/bls.go:44.2,45.34 2 1
gitlab.com/meta-node/core/crypto/bls.go:49.2,50.34 2 1
gitlab.com/meta-node/core/crypto/bls.go:54.2,54.35 1 1
gitlab.com/meta-node/core/crypto/bls.go:40.13,42.3 1 0
gitlab.com/meta-node/core/crypto/bls.go:45.34,48.3 2 0
gitlab.com/meta-node/core/crypto/bls.go:50.34,53.3 2 0
gitlab.com/meta-node/core/proto/message.pb.go:36.26,38.29 2 0
gitlab.com/meta-node/core/proto/message.pb.go:38.29,42.3 3 0
gitlab.com/meta-node/core/proto/message.pb.go:45.34,47.2 1 0
gitlab.com/meta-node/core/proto/message.pb.go:49.32,49.33 0 0
gitlab.com/meta-node/core/proto/message.pb.go:51.54,53.41 2 0
gitlab.com/meta-node/core/proto/message.pb.go:60.2,60.24 1 0
gitlab.com/meta-node/core/proto/message.pb.go:53.41,55.34 2 0
gitlab.com/meta-node/core/proto/message.pb.go:58.3,58.12 1 0
gitlab.com/meta-node/core/proto/message.pb.go:55.34,57.4 1 0
gitlab.com/meta-node/core/proto/message.pb.go:64.45,66.2 1 0
gitlab.com/meta-node/core/proto/message.pb.go:68.33,69.14 1 0
gitlab.com/meta-node/core/proto/message.pb.go:72.2,72.11 1 0
gitlab.com/meta-node/core/proto/message.pb.go:69.14,71.3 1 0
gitlab.com/meta-node/core/proto/message.pb.go:75.35,76.14 1 0
gitlab.com/meta-node/core/proto/message.pb.go:79.2,79.11 1 0
gitlab.com/meta-node/core/proto/message.pb.go:76.14,78.3 1 0
gitlab.com/meta-node/core/proto/message.pb.go:82.35,83.14 1 0
gitlab.com/meta-node/core/proto/message.pb.go:86.2,86.12 1 0
gitlab.com/meta-node/core/proto/message.pb.go:83.14,85.3 1 0
gitlab.com/meta-node/core/proto/message.pb.go:89.38,90.14 1 0
gitlab.com/meta-node/core/proto/message.pb.go:93.2,93.11 1 0
gitlab.com/meta-node/core/proto/message.pb.go:90.14,92.3 1 0
gitlab.com/meta-node/core/proto/message.pb.go:96.40,97.14 1 0
gitlab.com/meta-node/core/proto/message.pb.go:100.2,100.10 1 0
gitlab.com/meta-node/core/proto/message.pb.go:97.14,99.3 1 0
gitlab.com/meta-node/core/proto/message.pb.go:103.34,104.14 1 0
gitlab.com/meta-node/core/proto/message.pb.go:107.2,107.10 1 0
gitlab.com/meta-node/core/proto/message.pb.go:104.14,106.3 1 0
gitlab.com/meta-node/core/proto/message.pb.go:119.27,121.29 2 0
gitlab.com/meta-node/core/proto/message.pb.go:121.29,125.3 3 0
gitlab.com/meta-node/core/proto/message.pb.go:128.35,130.2 1 0
gitlab.com/meta-node/core/proto/message.pb.go:132.33,132.34 0 0
gitlab.com/meta-node/core/proto/message.pb.go:134.55,136.41 2 0
gitlab.com/meta-node/core/proto/message.pb.go:143.2,143.24 1 0
gitlab.com/meta-node/core/proto/message.pb.go:136.41,138.34 2 0
gitlab.com/meta-node/core/proto/message.pb.go:141.3,141.12 1 0
gitlab.com/meta-node/core/proto/message.pb.go:138.34,140.4 1 0
gitlab.com/meta-node/core/proto/message.pb.go:147.46,149.2 1 0
gitlab.com/meta-node/core/proto/message.pb.go:151.39,152.14 1 0
gitlab.com/meta-node/core/proto/message.pb.go:155.2,155.12 1 0
gitlab.com/meta-node/core/proto/message.pb.go:152.14,154.3 1 0
gitlab.com/meta-node/core/proto/message.pb.go:158.36,159.14 1 0
gitlab.com/meta-node/core/proto/message.pb.go:162.2,162.12 1 0
gitlab.com/meta-node/core/proto/message.pb.go:159.14,161.3 1 0
gitlab.com/meta-node/core/proto/message.pb.go:174.34,176.29 2 0
gitlab.com/meta-node/core/proto/message.pb.go:176.29,180.3 3 0
gitlab.com/meta-node/core/proto/message.pb.go:183.42,185.2 1 0
gitlab.com/meta-node/core/proto/message.pb.go:187.40,187.41 0 0
gitlab.com/meta-node/core/proto/message.pb.go:189.62,191.41 2 0
gitlab.com/meta-node/core/proto/message.pb.go:198.2,198.24 1 0
gitlab.com/meta-node/core/proto/message.pb.go:191.41,193.34 2 0
gitlab.com/meta-node/core/proto/message.pb.go:196.3,196.12 1 0
gitlab.com/meta-node/core/proto/message.pb.go:193.34,195.4 1 0
gitlab.com/meta-node/core/proto/message.pb.go:202.53,204.2 1 0
gitlab.com/meta-node/core/proto/message.pb.go:206.46,207.14 1 0
gitlab.com/meta-node/core/proto/message.pb.go:210.2,210.12 1 0
gitlab.com/meta-node/core/proto/message.pb.go:207.14,209.3 1 0
gitlab.com/meta-node/core/proto/message.pb.go:213.43,214.14 1 0
gitlab.com/meta-node/core/proto/message.pb.go:217.2,217.11 1 0
gitlab.com/meta-node/core/proto/message.pb.go:214.14,216.3 1 0
gitlab.com/meta-node/core/proto/message.pb.go:228.34,230.29 2 0
gitlab.com/meta-node/core/proto/message.pb.go:230.29,234.3 3 0
gitlab.com/meta-node/core/proto/message.pb.go:237.42,239.2 1 0
gitlab.com/meta-node/core/proto/message.pb.go:241.40,241.41 0 0
gitlab.com/meta-node/core/proto/message.pb.go:243.62,245.41 2 0
gitlab.com/meta-node/core/proto/message.pb.go:252.2,252.24 1 0
gitlab.com/meta-node/core/proto/message.pb.go:245.41,247.34 2 0
gitlab.com/meta-node/core/proto/message.pb.go:250.3,250.12 1 0
gitlab.com/meta-node/core/proto/message.pb.go:247.34,249.4 1 0
gitlab.com/meta-node/core/proto/message.pb.go:256.53,258.2 1 0
gitlab.com/meta-node/core/proto/message.pb.go:260.46,261.14 1 0
gitlab.com/meta-node/core/proto/message.pb.go:264.2,264.12 1 0
gitlab.com/meta-node/core/proto/message.pb.go:261.14,263.3 1 0
gitlab.com/meta-node/core/proto/message.pb.go:275.33,277.29 2 0
gitlab.com/meta-node/core/proto/message.pb.go:277.29,281.3 3 0
gitlab.com/meta-node/core/proto/message.pb.go:284.41,286.2 1 0
gitlab.com/meta-node/core/proto/message.pb.go:288.39,288.40 0 0
gitlab.com/meta-node/core/proto/message.pb.go:290.61,292.41 2 0
gitlab.com/meta-node/core/proto/message.pb.go:299.2,299.24 1 0
gitlab.com/meta-node/core/proto/message.pb.go:292.41,294.34 2 0
gitlab.com/meta-node/core/proto/message.pb.go:297.3,297.12 1 0
gitlab.com/meta-node/core/proto/message.pb.go:294.34,296.4 1 0
gitlab.com/meta-node/core/proto/message.pb.go:303.52,305.2 1 0
gitlab.com/meta-node/core/proto/message.pb.go:307.57,308.14 1 0
gitlab.com/meta-node/core/proto/message.pb.go:311.2,311.12 1 0
gitlab.com/meta-node/core/proto/message.pb.go:308.14,310.3 1 0
gitlab.com/meta-node/core/proto/message.pb.go:325.25,327.29 2 0
gitlab.com/meta-node/core/proto/message.pb.go:327.29,331.3 3 0
gitlab.com/meta-node/core/proto/message.pb.go:334.33,336.2 1 0
gitlab.com/meta-node/core/proto/message.pb.go:338.31,338.32 0 0
gitlab.com/meta-node/core/proto/message.pb.go:340.53,342.41 2 0
gitlab.com/meta-node/core/proto/message.pb.go:349.2,349.24 1 0
gitlab.com/meta-node/core/proto/message.pb.go:342.41,344.34 2 0
gitlab.com/meta-node/core/proto/message.pb.go:347.3,347.12 1 0
gitlab.com/meta-node/core/proto/message.pb.go:344.34,346.4 1 0
gitlab.com/meta-node/core/proto/message.pb.go:353.44,355.2 1 0
gitlab.com/meta-node/core/proto/message.pb.go:357.34,358.14 1 0
gitlab.com/meta-node/core/proto/message.pb.go:361.2,361.11 1 0
gitlab.com/meta-node/core/proto/message.pb.go:358.14,360.3 1 0
gitlab.com/meta-node/core/proto/message.pb.go:364.41,365.14 1 0
gitlab.com/meta-node/core/proto/message.pb.go:368.2,368.11 1 0
gitlab.com/meta-node/core/proto/message.pb.go:365.14,367.3 1 0
gitlab.com/meta-node/core/proto/message.pb.go:371.37,372.14 1 0
gitlab.com/meta-node/core/proto/message.pb.go:375.2,375.12 1 0
gitlab.com/meta-node/core/proto/message.pb.go:372.14,374.3 1 0
gitlab.com/meta-node/core/proto/message.pb.go:378.45,379.14 1 0
gitlab.com/meta-node/core/proto/message.pb.go:382.2,382.12 1 0
gitlab.com/meta-node/core/proto/message.pb.go:379.14,381.3 1 0
gitlab.com/meta-node/core/proto/message.pb.go:395.45,397.29 2 0
gitlab.com/meta-node/core/proto/message.pb.go:397.29,401.3 3 0
gitlab.com/meta-node/core/proto/message.pb.go:404.53,406.2 1 0
gitlab.com/meta-node/core/proto/message.pb.go:408.51,408.52 0 0
gitlab.com/meta-node/core/proto/message.pb.go:410.73,412.41 2 0
gitlab.com/meta-node/core/proto/message.pb.go:419.2,419.24 1 0
gitlab.com/meta-node/core/proto/message.pb.go:412.41,414.34 2 0
gitlab.com/meta-node/core/proto/message.pb.go:417.3,417.12 1 0
gitlab.com/meta-node/core/proto/message.pb.go:414.34,416.4 1 0
gitlab.com/meta-node/core/proto/message.pb.go:423.64,425.2 1 0
gitlab.com/meta-node/core/proto/message.pb.go:427.61,428.14 1 0
gitlab.com/meta-node/core/proto/message.pb.go:431.2,431.11 1 0
gitlab.com/meta-node/core/proto/message.pb.go:428.14,430.3 1 0
gitlab.com/meta-node/core/proto/message.pb.go:434.57,435.14 1 0
gitlab.com/meta-node/core/proto/message.pb.go:438.2,438.12 1 0
gitlab.com/meta-node/core/proto/message.pb.go:435.14,437.3 1 0
gitlab.com/meta-node/core/proto/message.pb.go:441.81,442.14 1 0
gitlab.com/meta-node/core/proto/message.pb.go:445.2,445.12 1 0
gitlab.com/meta-node/core/proto/message.pb.go:442.14,444.3 1 0
gitlab.com/meta-node/core/proto/message.pb.go:507.52,508.49 1 0
gitlab.com/meta-node/core/proto/message.pb.go:511.2,511.45 1 0
gitlab.com/meta-node/core/proto/message.pb.go:508.49,510.3 1 0
gitlab.com/meta-node/core/proto/message.pb.go:537.13,537.48 1 1
gitlab.com/meta-node/core/proto/message.pb.go:538.38,539.37 1 1
gitlab.com/meta-node/core/proto/message.pb.go:542.2,543.30 2 1
gitlab.com/meta-node/core/proto/message.pb.go:629.2,646.40 6 1
gitlab.com/meta-node/core/proto/message.pb.go:539.37,541.3 1 0
gitlab.com/meta-node/core/proto/message.pb.go:543.30,544.90 1 0
gitlab.com/meta-node/core/proto/message.pb.go:556.3,556.90 1 0
gitlab.com/meta-node/core/proto/message.pb.go:568.3,568.90 1 0
gitlab.com/meta-node/core/proto/message.pb.go:580.3,580.90 1 0
gitlab.com/meta-node/core/proto/message.pb.go:592.3,592.90 1 0
gitlab.com/meta-node/core/proto/message.pb.go:604.3,604.90 1 0
gitlab.com/meta-node/core/proto/message.pb.go:616.3,616.90 1 0
gitlab.com/meta-node/core/proto/message.pb.go:544.90,545.31 1 0
gitlab.com/meta-node/core/proto/message.pb.go:546.11,547.20 1 0
gitlab.com/meta-node/core/proto/message.pb.go:548.11,549.24 1 0
gitlab.com/meta-node/core/proto/message.pb.go:550.11,551.28 1 0
gitlab.com/meta-node/core/proto/message.pb.go:552.12,553.15 1 0
gitlab.com/meta-node/core/proto/message.pb.go:556.90,557.32 1 0
gitlab.com/meta-node/core/proto/message.pb.go:558.11,559.20 1 0
gitlab.com/meta-node/core/proto/message.pb.go:560.11,561.24 1 0
gitlab.com/meta-node/core/proto/message.pb.go:562.11,563.28 1 0
gitlab.com/meta-node/core/proto/message.pb.go:564.12,565.15 1 0
gitlab.com/meta-node/core/proto/message.pb.go:568.90,569.39 1 0
gitlab.com/meta-node/core/proto/message.pb.go:570.11,571.20 1 0
gitlab.com/meta-node/core/proto/message.pb.go:572.11,573.24 1 0
gitlab.com/meta-node/core/proto/message.pb.go:574.11,575.28 1 0
gitlab.com/meta-node/core/proto/message.pb.go:576.12,577.15 1 0
gitlab.com/meta-node/core/proto/message.pb.go:580.90,581.39 1 0
gitlab.com/meta-node/core/proto/message.pb.go:582.11,583.20 1 0
gitlab.com/meta-node/core/proto/message.pb.go:584.11,585.24 1 0
gitlab.com/meta-node/core/proto/message.pb.go:586.11,587.28 1 0
gitlab.com/meta-node/core/proto/message.pb.go:588.12,589.15 1 0
gitlab.com/meta-node/core/proto/message.pb.go:592.90,593.38 1 0
gitlab.com/meta-node/core/proto/message.pb.go:594.11,595.20 1 0
gitlab.com/meta-node/core/proto/message.pb.go:596.11,597.24 1 0
gitlab.com/meta-node/core/proto/message.pb.go:598.11,599.28 1 0
gitlab.com/meta-node/core/proto/message.pb.go:600.12,601.15 1 0
gitlab.com/meta-node/core/proto/message.pb.go:604.90,605.30 1 0
gitlab.com/meta-node/core/proto/message.pb.go:606.11,607.20 1 0
gitlab.com/meta-node/core/proto/message.pb.go:608.11,609.24 1 0
gitlab.com/meta-node/core/proto/message.pb.go:610.11,611.28 1 0
gitlab.com/meta-node/core/proto/message.pb.go:612.12,613.15 1 0
gitlab.com/meta-node/core/proto/message.pb.go:616.90,617.50 1 0
gitlab.com/meta-node/core/proto/message.pb.go:618.11,619.20 1 0
gitlab.com/meta-node/core/proto/message.pb.go:620.11,621.24 1 0
gitlab.com/meta-node/core/proto/message.pb.go:622.11,623.28 1 0
gitlab.com/meta-node/core/proto/message.pb.go:624.12,625.15 1 0
gitlab.com/meta-node/core/main.go:3.14,5.2 0 0
gitlab.com/meta-node/core/config/config.go:37.26,40.16 3 0
gitlab.com/meta-node/core/config/config.go:43.2,45.15 3 0
gitlab.com/meta-node/core/config/config.go:40.16,42.3 1 0
gitlab.com/meta-node/core/proto/poh.pb.go:35.27,37.29 2 0
gitlab.com/meta-node/core/proto/poh.pb.go:37.29,41.3 3 0
gitlab.com/meta-node/core/proto/poh.pb.go:44.35,46.2 1 0
gitlab.com/meta-node/core/proto/poh.pb.go:48.33,48.34 0 0
gitlab.com/meta-node/core/proto/poh.pb.go:50.55,52.41 2 0
gitlab.com/meta-node/core/proto/poh.pb.go:59.2,59.24 1 0
gitlab.com/meta-node/core/proto/poh.pb.go:52.41,54.34 2 0
gitlab.com/meta-node/core/proto/poh.pb.go:57.3,57.12 1 0
gitlab.com/meta-node/core/proto/poh.pb.go:54.34,56.4 1 0
gitlab.com/meta-node/core/proto/poh.pb.go:63.46,65.2 1 0
gitlab.com/meta-node/core/proto/poh.pb.go:67.37,68.14 1 0
gitlab.com/meta-node/core/proto/poh.pb.go:71.2,71.12 1 0
gitlab.com/meta-node/core/proto/poh.pb.go:68.14,70.3 1 0
gitlab.com/meta-node/core/proto/poh.pb.go:74.40,75.14 1 0
gitlab.com/meta-node/core/proto/poh.pb.go:78.2,78.12 1 0
gitlab.com/meta-node/core/proto/poh.pb.go:75.14,77.3 1 0
gitlab.com/meta-node/core/proto/poh.pb.go:81.36,82.14 1 0
gitlab.com/meta-node/core/proto/poh.pb.go:85.2,85.12 1 0
gitlab.com/meta-node/core/proto/poh.pb.go:82.14,84.3 1 0
gitlab.com/meta-node/core/proto/poh.pb.go:88.52,89.14 1 0
gitlab.com/meta-node/core/proto/poh.pb.go:92.2,92.12 1 0
gitlab.com/meta-node/core/proto/poh.pb.go:89.14,91.3 1 0
gitlab.com/meta-node/core/proto/poh.pb.go:95.58,96.14 1 0
gitlab.com/meta-node/core/proto/poh.pb.go:99.2,99.12 1 0
gitlab.com/meta-node/core/proto/poh.pb.go:96.14,98.3 1 0
gitlab.com/meta-node/core/proto/poh.pb.go:112.27,114.29 2 0
gitlab.com/meta-node/core/proto/poh.pb.go:114.29,118.3 3 0
gitlab.com/meta-node/core/proto/poh.pb.go:121.35,123.2 1 0
gitlab.com/meta-node/core/proto/poh.pb.go:125.33,125.34 0 0
gitlab.com/meta-node/core/proto/poh.pb.go:127.55,129.41 2 0
gitlab.com/meta-node/core/proto/poh.pb.go:136.2,136.24 1 0
gitlab.com/meta-node/core/proto/poh.pb.go:129.41,131.34 2 0
gitlab.com/meta-node/core/proto/poh.pb.go:134.3,134.12 1 0
gitlab.com/meta-node/core/proto/poh.pb.go:131.34,133.4 1 0
gitlab.com/meta-node/core/proto/poh.pb.go:140.46,142.2 1 0
gitlab.com/meta-node/core/proto/poh.pb.go:144.36,145.14 1 0
gitlab.com/meta-node/core/proto/poh.pb.go:148.2,148.12 1 0
gitlab.com/meta-node/core/proto/poh.pb.go:145.14,147.3 1 0
gitlab.com/meta-node/core/proto/poh.pb.go:151.42,152.14 1 0
gitlab.com/meta-node/core/proto/poh.pb.go:155.2,155.12 1 0
gitlab.com/meta-node/core/proto/poh.pb.go:152.14,154.3 1 0
gitlab.com/meta-node/core/proto/poh.pb.go:158.37,159.14 1 0
gitlab.com/meta-node/core/proto/poh.pb.go:162.2,162.12 1 0
gitlab.com/meta-node/core/proto/poh.pb.go:159.14,161.3 1 0
gitlab.com/meta-node/core/proto/poh.pb.go:178.28,180.29 2 0
gitlab.com/meta-node/core/proto/poh.pb.go:180.29,184.3 3 0
gitlab.com/meta-node/core/proto/poh.pb.go:187.36,189.2 1 0
gitlab.com/meta-node/core/proto/poh.pb.go:191.34,191.35 0 0
gitlab.com/meta-node/core/proto/poh.pb.go:193.56,195.41 2 0
gitlab.com/meta-node/core/proto/poh.pb.go:202.2,202.24 1 0
gitlab.com/meta-node/core/proto/poh.pb.go:195.41,197.34 2 0
gitlab.com/meta-node/core/proto/poh.pb.go:200.3,200.12 1 0
gitlab.com/meta-node/core/proto/poh.pb.go:197.34,199.4 1 0
gitlab.com/meta-node/core/proto/poh.pb.go:206.47,208.2 1 0
gitlab.com/meta-node/core/proto/poh.pb.go:210.37,211.14 1 0
gitlab.com/meta-node/core/proto/poh.pb.go:214.2,214.12 1 0
gitlab.com/meta-node/core/proto/poh.pb.go:211.14,213.3 1 0
gitlab.com/meta-node/core/proto/poh.pb.go:217.42,218.14 1 0
gitlab.com/meta-node/core/proto/poh.pb.go:221.2,221.12 1 0
gitlab.com/meta-node/core/proto/poh.pb.go:218.14,220.3 1 0
gitlab.com/meta-node/core/proto/poh.pb.go:224.38,225.14 1 0
gitlab.com/meta-node/core/proto/poh.pb.go:228.2,228.12 1 0
gitlab.com/meta-node/core/proto/poh.pb.go:225.14,227.3 1 0
gitlab.com/meta-node/core/proto/poh.pb.go:231.37,232.14 1 0
gitlab.com/meta-node/core/proto/poh.pb.go:235.2,235.11 1 0
gitlab.com/meta-node/core/proto/poh.pb.go:232.14,234.3 1 0
gitlab.com/meta-node/core/proto/poh.pb.go:238.39,239.14 1 0
gitlab.com/meta-node/core/proto/poh.pb.go:242.2,242.12 1 0
gitlab.com/meta-node/core/proto/poh.pb.go:239.14,241.3 1 0
gitlab.com/meta-node/core/proto/poh.pb.go:245.42,246.14 1 0
gitlab.com/meta-node/core/proto/poh.pb.go:249.2,249.12 1 0
gitlab.com/meta-node/core/proto/poh.pb.go:246.14,248.3 1 0
gitlab.com/meta-node/core/proto/poh.pb.go:262.27,264.29 2 0
gitlab.com/meta-node/core/proto/poh.pb.go:264.29,268.3 3 0
gitlab.com/meta-node/core/proto/poh.pb.go:271.35,273.2 1 0
gitlab.com/meta-node/core/proto/poh.pb.go:275.33,275.34 0 0
gitlab.com/meta-node/core/proto/poh.pb.go:277.55,279.41 2 0
gitlab.com/meta-node/core/proto/poh.pb.go:286.2,286.24 1 0
gitlab.com/meta-node/core/proto/poh.pb.go:279.41,281.34 2 0
gitlab.com/meta-node/core/proto/poh.pb.go:284.3,284.12 1 0
gitlab.com/meta-node/core/proto/poh.pb.go:281.34,283.4 1 0
gitlab.com/meta-node/core/proto/poh.pb.go:290.46,292.2 1 0
gitlab.com/meta-node/core/proto/poh.pb.go:294.36,295.14 1 0
gitlab.com/meta-node/core/proto/poh.pb.go:298.2,298.12 1 0
gitlab.com/meta-node/core/proto/poh.pb.go:295.14,297.3 1 0
gitlab.com/meta-node/core/proto/poh.pb.go:301.39,302.14 1 0
gitlab.com/meta-node/core/proto/poh.pb.go:305.2,305.12 1 0
gitlab.com/meta-node/core/proto/poh.pb.go:302.14,304.3 1 0
gitlab.com/meta-node/core/proto/poh.pb.go:308.36,309.14 1 0
gitlab.com/meta-node/core/proto/poh.pb.go:312.2,312.12 1 0
gitlab.com/meta-node/core/proto/poh.pb.go:309.14,311.3 1 0
gitlab.com/meta-node/core/proto/poh.pb.go:326.41,328.29 2 0
gitlab.com/meta-node/core/proto/poh.pb.go:328.29,332.3 3 0
gitlab.com/meta-node/core/proto/poh.pb.go:335.49,337.2 1 0
gitlab.com/meta-node/core/proto/poh.pb.go:339.47,339.48 0 0
gitlab.com/meta-node/core/proto/poh.pb.go:341.69,343.41 2 0
gitlab.com/meta-node/core/proto/poh.pb.go:350.2,350.24 1 0
gitlab.com/meta-node/core/proto/poh.pb.go:343.41,345.34 2 0
gitlab.com/meta-node/core/proto/poh.pb.go:348.3,348.12 1 0
gitlab.com/meta-node/core/proto/poh.pb.go:345.34,347.4 1 0
gitlab.com/meta-node/core/proto/poh.pb.go:354.60,356.2 1 0
gitlab.com/meta-node/core/proto/poh.pb.go:358.50,359.14 1 0
gitlab.com/meta-node/core/proto/poh.pb.go:362.2,362.12 1 0
gitlab.com/meta-node/core/proto/poh.pb.go:359.14,361.3 1 0
gitlab.com/meta-node/core/proto/poh.pb.go:365.52,366.14 1 0
gitlab.com/meta-node/core/proto/poh.pb.go:369.2,369.12 1 0
gitlab.com/meta-node/core/proto/poh.pb.go:366.14,368.3 1 0
gitlab.com/meta-node/core/proto/poh.pb.go:372.49,373.14 1 0
gitlab.com/meta-node/core/proto/poh.pb.go:376.2,376.14 1 0
gitlab.com/meta-node/core/proto/poh.pb.go:373.14,375.3 1 0
gitlab.com/meta-node/core/proto/poh.pb.go:379.50,380.14 1 0
gitlab.com/meta-node/core/proto/poh.pb.go:383.2,383.12 1 0
gitlab.com/meta-node/core/proto/poh.pb.go:380.14,382.3 1 0
gitlab.com/meta-node/core/proto/poh.pb.go:399.36,401.29 2 0
gitlab.com/meta-node/core/proto/poh.pb.go:401.29,405.3 3 0
gitlab.com/meta-node/core/proto/poh.pb.go:408.44,410.2 1 0
gitlab.com/meta-node/core/proto/poh.pb.go:412.42,412.43 0 0
gitlab.com/meta-node/core/proto/poh.pb.go:414.64,416.41 2 0
gitlab.com/meta-node/core/proto/poh.pb.go:423.2,423.24 1 0
gitlab.com/meta-node/core/proto/poh.pb.go:416.41,418.34 2 0
gitlab.com/meta-node/core/proto/poh.pb.go:421.3,421.12 1 0
gitlab.com/meta-node/core/proto/poh.pb.go:418.34,420.4 1 0
gitlab.com/meta-node/core/proto/poh.pb.go:427.55,429.2 1 0
gitlab.com/meta-node/core/proto/poh.pb.go:431.51,432.14 1 0
gitlab.com/meta-node/core/proto/poh.pb.go:435.2,435.12 1 0
gitlab.com/meta-node/core/proto/poh.pb.go:432.14,434.3 1 0
gitlab.com/meta-node/core/proto/poh.pb.go:438.45,439.14 1 0
gitlab.com/meta-node/core/proto/poh.pb.go:442.2,442.11 1 0
gitlab.com/meta-node/core/proto/poh.pb.go:439.14,441.3 1 0
gitlab.com/meta-node/core/proto/poh.pb.go:445.51,446.14 1 0
gitlab.com/meta-node/core/proto/poh.pb.go:449.2,449.12 1 0
gitlab.com/meta-node/core/proto/poh.pb.go:446.14,448.3 1 0
gitlab.com/meta-node/core/proto/poh.pb.go:452.72,453.14 1 0
gitlab.com/meta-node/core/proto/poh.pb.go:456.2,456.12 1 0
gitlab.com/meta-node/core/proto/poh.pb.go:453.14,455.3 1 0
gitlab.com/meta-node/core/proto/poh.pb.go:459.61,460.14 1 0
gitlab.com/meta-node/core/proto/poh.pb.go:463.2,463.12 1 0
gitlab.com/meta-node/core/proto/poh.pb.go:460.14,462.3 1 0
gitlab.com/meta-node/core/proto/poh.pb.go:466.67,467.14 1 0
gitlab.com/meta-node/core/proto/poh.pb.go:470.2,470.12 1 0
gitlab.com/meta-node/core/proto/poh.pb.go:467.14,469.3 1 0
gitlab.com/meta-node/core/proto/poh.pb.go:561.48,562.45 1 0
gitlab.com/meta-node/core/proto/poh.pb.go:565.2,565.41 1 0
gitlab.com/meta-node/core/proto/poh.pb.go:562.45,564.3 1 0
gitlab.com/meta-node/core/proto/poh.pb.go:601.13,601.44 1 1
gitlab.com/meta-node/core/proto/poh.pb.go:602.34,603.33 1 1
gitlab.com/meta-node/core/proto/poh.pb.go:606.2,609.30 4 1
gitlab.com/meta-node/core/proto/poh.pb.go:683.2,700.36 6 1
gitlab.com/meta-node/core/proto/poh.pb.go:603.33,605.3 1 1
gitlab.com/meta-node/core/proto/poh.pb.go:609.30,610.86 1 0
gitlab.com/meta-node/core/proto/poh.pb.go:622.3,622.86 1 0
gitlab.com/meta-node/core/proto/poh.pb.go:634.3,634.86 1 0
gitlab.com/meta-node/core/proto/poh.pb.go:646.3,646.86 1 0
gitlab.com/meta-node/core/proto/poh.pb.go:658.3,658.86 1 0
gitlab.com/meta-node/core/proto/poh.pb.go:670.3,670.86 1 0
gitlab.com/meta-node/core/proto/poh.pb.go:610.86,611.32 1 0
gitlab.com/meta-node/core/proto/poh.pb.go:612.11,613.20 1 0
gitlab.com/meta-node/core/proto/poh.pb.go:614.11,615.24 1 0
gitlab.com/meta-node/core/proto/poh.pb.go:616.11,617.28 1 0
gitlab.com/meta-node/core/proto/poh.pb.go:618.12,619.15 1 0
gitlab.com/meta-node/core/proto/poh.pb.go:622.86,623.32 1 0
gitlab.com/meta-node/core/proto/poh.pb.go:624.11,625.20 1 0
gitlab.com/meta-node/core/proto/poh.pb.go:626.11,627.24 1 0
gitlab.com/meta-node/core/proto/poh.pb.go:628.11,629.28 1 0
gitlab.com/meta-node/core/proto/poh.pb.go:630.12,631.15 1 0
gitlab.com/meta-node/core/proto/poh.pb.go:634.86,635.33 1 0
gitlab.com/meta-node/core/proto/poh.pb.go:636.11,637.20 1 0
gitlab.com/meta-node/core/proto/poh.pb.go:638.11,639.24 1 0
gitlab.com/meta-node/core/proto/poh.pb.go:640.11,641.28 1 0
gitlab.com/meta-node/core/proto/poh.pb.go:642.12,643.15 1 0
gitlab.com/meta-node/core/proto/poh.pb.go:646.86,647.32 1 0
gitlab.com/meta-node/core/proto/poh.pb.go:648.11,649.20 1 0
gitlab.com/meta-node/core/proto/poh.pb.go:650.11,651.24 1 0
gitlab.com/meta-node/core/proto/poh.pb.go:652.11,653.28 1 0
gitlab.com/meta-node/core/proto/poh.pb.go:654.12,655.15 1 0
gitlab.com/meta-node/core/proto/poh.pb.go:658.86,659.46 1 0
gitlab.com/meta-node/core/proto/poh.pb.go:660.11,661.20 1 0
gitlab.com/meta-node/core/proto/poh.pb.go:662.11,663.24 1 0
gitlab.com/meta-node/core/proto/poh.pb.go:664.11,665.28 1 0
gitlab.com/meta-node/core/proto/poh.pb.go:666.12,667.15 1 0
gitlab.com/meta-node/core/proto/poh.pb.go:670.86,671.41 1 0
gitlab.com/meta-node/core/proto/poh.pb.go:672.11,673.20 1 0
gitlab.com/meta-node/core/proto/poh.pb.go:674.11,675.24 1 0
gitlab.com/meta-node/core/proto/poh.pb.go:676.11,677.28 1 0
gitlab.com/meta-node/core/proto/poh.pb.go:678.12,679.15 1 0
gitlab.com/meta-node/core/proto/scExecuteResult.pb.go:31.27,33.29 2 0
gitlab.com/meta-node/core/proto/scExecuteResult.pb.go:33.29,37.3 3 0
gitlab.com/meta-node/core/proto/scExecuteResult.pb.go:40.35,42.2 1 0
gitlab.com/meta-node/core/proto/scExecuteResult.pb.go:44.33,44.34 0 0
gitlab.com/meta-node/core/proto/scExecuteResult.pb.go:46.55,48.41 2 0
gitlab.com/meta-node/core/proto/scExecuteResult.pb.go:55.2,55.24 1 0
gitlab.com/meta-node/core/proto/scExecuteResult.pb.go:48.41,50.34 2 0
gitlab.com/meta-node/core/proto/scExecuteResult.pb.go:53.3,53.12 1 0
gitlab.com/meta-node/core/proto/scExecuteResult.pb.go:50.34,52.4 1 0
gitlab.com/meta-node/core/proto/scExecuteResult.pb.go:59.46,61.2 1 0
gitlab.com/meta-node/core/proto/scExecuteResult.pb.go:63.76,64.14 1 0
gitlab.com/meta-node/core/proto/scExecuteResult.pb.go:67.2,67.12 1 0
gitlab.com/meta-node/core/proto/scExecuteResult.pb.go:64.14,66.3 1 0
gitlab.com/meta-node/core/proto/scExecuteResult.pb.go:80.37,82.29 2 0
gitlab.com/meta-node/core/proto/scExecuteResult.pb.go:82.29,86.3 3 0
gitlab.com/meta-node/core/proto/scExecuteResult.pb.go:89.45,91.2 1 0
gitlab.com/meta-node/core/proto/scExecuteResult.pb.go:93.43,93.44 0 0
gitlab.com/meta-node/core/proto/scExecuteResult.pb.go:95.65,97.41 2 0
gitlab.com/meta-node/core/proto/scExecuteResult.pb.go:104.2,104.24 1 0
gitlab.com/meta-node/core/proto/scExecuteResult.pb.go:97.41,99.34 2 0
gitlab.com/meta-node/core/proto/scExecuteResult.pb.go:102.3,102.12 1 0
gitlab.com/meta-node/core/proto/scExecuteResult.pb.go:99.34,101.4 1 0
gitlab.com/meta-node/core/proto/scExecuteResult.pb.go:108.56,110.2 1 0
gitlab.com/meta-node/core/proto/scExecuteResult.pb.go:112.59,113.14 1 0
gitlab.com/meta-node/core/proto/scExecuteResult.pb.go:116.2,116.12 1 0
gitlab.com/meta-node/core/proto/scExecuteResult.pb.go:113.14,115.3 1 0
gitlab.com/meta-node/core/proto/scExecuteResult.pb.go:119.55,120.14 1 0
gitlab.com/meta-node/core/proto/scExecuteResult.pb.go:123.2,123.11 1 0
gitlab.com/meta-node/core/proto/scExecuteResult.pb.go:120.14,122.3 1 0
gitlab.com/meta-node/core/proto/scExecuteResult.pb.go:126.74,127.14 1 0
gitlab.com/meta-node/core/proto/scExecuteResult.pb.go:130.2,130.12 1 0
gitlab.com/meta-node/core/proto/scExecuteResult.pb.go:127.14,129.3 1 0
gitlab.com/meta-node/core/proto/scExecuteResult.pb.go:143.34,145.29 2 0
gitlab.com/meta-node/core/proto/scExecuteResult.pb.go:145.29,149.3 3 0
gitlab.com/meta-node/core/proto/scExecuteResult.pb.go:152.42,154.2 1 0
gitlab.com/meta-node/core/proto/scExecuteResult.pb.go:156.40,156.41 0 0
gitlab.com/meta-node/core/proto/scExecuteResult.pb.go:158.62,160.41 2 0
gitlab.com/meta-node/core/proto/scExecuteResult.pb.go:167.2,167.24 1 0
gitlab.com/meta-node/core/proto/scExecuteResult.pb.go:160.41,162.34 2 0
gitlab.com/meta-node/core/proto/scExecuteResult.pb.go:165.3,165.12 1 0
gitlab.com/meta-node/core/proto/scExecuteResult.pb.go:162.34,164.4 1 0
gitlab.com/meta-node/core/proto/scExecuteResult.pb.go:171.53,173.2 1 0
gitlab.com/meta-node/core/proto/scExecuteResult.pb.go:175.43,176.14 1 0
gitlab.com/meta-node/core/proto/scExecuteResult.pb.go:179.2,179.12 1 0
gitlab.com/meta-node/core/proto/scExecuteResult.pb.go:176.14,178.3 1 0
gitlab.com/meta-node/core/proto/scExecuteResult.pb.go:182.50,183.14 1 0
gitlab.com/meta-node/core/proto/scExecuteResult.pb.go:186.2,186.11 1 0
gitlab.com/meta-node/core/proto/scExecuteResult.pb.go:183.14,185.3 1 0
gitlab.com/meta-node/core/proto/scExecuteResult.pb.go:189.47,190.14 1 0
gitlab.com/meta-node/core/proto/scExecuteResult.pb.go:193.2,193.32 1 0
gitlab.com/meta-node/core/proto/scExecuteResult.pb.go:190.14,192.3 1 0
gitlab.com/meta-node/core/proto/scExecuteResult.pb.go:218.35,220.29 2 0
gitlab.com/meta-node/core/proto/scExecuteResult.pb.go:220.29,224.3 3 0
gitlab.com/meta-node/core/proto/scExecuteResult.pb.go:227.43,229.2 1 0
gitlab.com/meta-node/core/proto/scExecuteResult.pb.go:231.41,231.42 0 0
gitlab.com/meta-node/core/proto/scExecuteResult.pb.go:233.63,235.41 2 0
gitlab.com/meta-node/core/proto/scExecuteResult.pb.go:242.2,242.24 1 0
gitlab.com/meta-node/core/proto/scExecuteResult.pb.go:235.41,237.34 2 0
gitlab.com/meta-node/core/proto/scExecuteResult.pb.go:240.3,240.12 1 0
gitlab.com/meta-node/core/proto/scExecuteResult.pb.go:237.34,239.4 1 0
gitlab.com/meta-node/core/proto/scExecuteResult.pb.go:246.54,248.2 1 0
gitlab.com/meta-node/core/proto/scExecuteResult.pb.go:250.44,251.14 1 0
gitlab.com/meta-node/core/proto/scExecuteResult.pb.go:254.2,254.12 1 0
gitlab.com/meta-node/core/proto/scExecuteResult.pb.go:251.14,253.3 1 0
gitlab.com/meta-node/core/proto/scExecuteResult.pb.go:257.46,258.14 1 0
gitlab.com/meta-node/core/proto/scExecuteResult.pb.go:261.2,261.12 1 0
gitlab.com/meta-node/core/proto/scExecuteResult.pb.go:258.14,260.3 1 0
gitlab.com/meta-node/core/proto/scExecuteResult.pb.go:264.55,265.14 1 0
gitlab.com/meta-node/core/proto/scExecuteResult.pb.go:268.2,268.12 1 0
gitlab.com/meta-node/core/proto/scExecuteResult.pb.go:265.14,267.3 1 0
gitlab.com/meta-node/core/proto/scExecuteResult.pb.go:271.44,272.14 1 0
gitlab.com/meta-node/core/proto/scExecuteResult.pb.go:275.2,275.11 1 0
gitlab.com/meta-node/core/proto/scExecuteResult.pb.go:272.14,274.3 1 0
gitlab.com/meta-node/core/proto/scExecuteResult.pb.go:278.55,279.14 1 0
gitlab.com/meta-node/core/proto/scExecuteResult.pb.go:282.2,282.12 1 0
gitlab.com/meta-node/core/proto/scExecuteResult.pb.go:279.14,281.3 1 0
gitlab.com/meta-node/core/proto/scExecuteResult.pb.go:285.81,286.14 1 0
gitlab.com/meta-node/core/proto/scExecuteResult.pb.go:289.2,289.12 1 0
gitlab.com/meta-node/core/proto/scExecuteResult.pb.go:286.14,288.3 1 0
gitlab.com/meta-node/core/proto/scExecuteResult.pb.go:292.77,293.14 1 0
gitlab.com/meta-node/core/proto/scExecuteResult.pb.go:296.2,296.12 1 0
gitlab.com/meta-node/core/proto/scExecuteResult.pb.go:293.14,295.3 1 0
gitlab.com/meta-node/core/proto/scExecuteResult.pb.go:299.77,300.14 1 0
gitlab.com/meta-node/core/proto/scExecuteResult.pb.go:303.2,303.12 1 0
gitlab.com/meta-node/core/proto/scExecuteResult.pb.go:300.14,302.3 1 0
gitlab.com/meta-node/core/proto/scExecuteResult.pb.go:306.90,307.14 1 0
gitlab.com/meta-node/core/proto/scExecuteResult.pb.go:310.2,310.12 1 0
gitlab.com/meta-node/core/proto/scExecuteResult.pb.go:307.14,309.3 1 0
gitlab.com/meta-node/core/proto/scExecuteResult.pb.go:313.51,314.14 1 0
gitlab.com/meta-node/core/proto/scExecuteResult.pb.go:317.2,317.12 1 0
gitlab.com/meta-node/core/proto/scExecuteResult.pb.go:314.14,316.3 1 0
gitlab.com/meta-node/core/proto/scExecuteResult.pb.go:320.50,321.14 1 0
gitlab.com/meta-node/core/proto/scExecuteResult.pb.go:324.2,324.10 1 0
gitlab.com/meta-node/core/proto/scExecuteResult.pb.go:321.14,323.3 1 0
gitlab.com/meta-node/core/proto/scExecuteResult.pb.go:327.49,328.14 1 0
gitlab.com/meta-node/core/proto/scExecuteResult.pb.go:331.2,331.10 1 0
gitlab.com/meta-node/core/proto/scExecuteResult.pb.go:328.14,330.3 1 0
gitlab.com/meta-node/core/proto/scExecuteResult.pb.go:334.45,335.14 1 0
gitlab.com/meta-node/core/proto/scExecuteResult.pb.go:338.2,338.12 1 0
gitlab.com/meta-node/core/proto/scExecuteResult.pb.go:335.14,337.3 1 0
gitlab.com/meta-node/core/proto/scExecuteResult.pb.go:341.44,342.14 1 0
gitlab.com/meta-node/core/proto/scExecuteResult.pb.go:345.2,345.12 1 0
gitlab.com/meta-node/core/proto/scExecuteResult.pb.go:342.14,344.3 1 0
gitlab.com/meta-node/core/proto/scExecuteResult.pb.go:348.46,349.14 1 0
gitlab.com/meta-node/core/proto/scExecuteResult.pb.go:352.2,352.12 1 0
gitlab.com/meta-node/core/proto/scExecuteResult.pb.go:349.14,351.3 1 0
gitlab.com/meta-node/core/proto/scExecuteResult.pb.go:494.60,495.57 1 0
gitlab.com/meta-node/core/proto/scExecuteResult.pb.go:498.2,498.53 1 0
gitlab.com/meta-node/core/proto/scExecuteResult.pb.go:495.57,497.3 1 0
gitlab.com/meta-node/core/proto/scExecuteResult.pb.go:537.13,537.56 1 1
gitlab.com/meta-node/core/proto/scExecuteResult.pb.go:538.46,539.45 1 1
gitlab.com/meta-node/core/proto/scExecuteResult.pb.go:542.2,545.30 4 1
gitlab.com/meta-node/core/proto/scExecuteResult.pb.go:595.2,612.48 6 1
gitlab.com/meta-node/core/proto/scExecuteResult.pb.go:539.45,541.3 1 1
gitlab.com/meta-node/core/proto/scExecuteResult.pb.go:545.30,546.98 1 0
gitlab.com/meta-node/core/proto/scExecuteResult.pb.go:558.3,558.98 1 0
gitlab.com/meta-node/core/proto/scExecuteResult.pb.go:570.3,570.98 1 0
gitlab.com/meta-node/core/proto/scExecuteResult.pb.go:582.3,582.98 1 0
gitlab.com/meta-node/core/proto/scExecuteResult.pb.go:546.98,547.32 1 0
gitlab.com/meta-node/core/proto/scExecuteResult.pb.go:548.11,549.20 1 0
gitlab.com/meta-node/core/proto/scExecuteResult.pb.go:550.11,551.24 1 0
gitlab.com/meta-node/core/proto/scExecuteResult.pb.go:552.11,553.28 1 0
gitlab.com/meta-node/core/proto/scExecuteResult.pb.go:554.12,555.15 1 0
gitlab.com/meta-node/core/proto/scExecuteResult.pb.go:558.98,559.42 1 0
gitlab.com/meta-node/core/proto/scExecuteResult.pb.go:560.11,561.20 1 0
gitlab.com/meta-node/core/proto/scExecuteResult.pb.go:562.11,563.24 1 0
gitlab.com/meta-node/core/proto/scExecuteResult.pb.go:564.11,565.28 1 0
gitlab.com/meta-node/core/proto/scExecuteResult.pb.go:566.12,567.15 1 0
gitlab.com/meta-node/core/proto/scExecuteResult.pb.go:570.98,571.39 1 0
gitlab.com/meta-node/core/proto/scExecuteResult.pb.go:572.11,573.20 1 0
gitlab.com/meta-node/core/proto/scExecuteResult.pb.go:574.11,575.24 1 0
gitlab.com/meta-node/core/proto/scExecuteResult.pb.go:576.11,577.28 1 0
gitlab.com/meta-node/core/proto/scExecuteResult.pb.go:578.12,579.15 1 0
gitlab.com/meta-node/core/proto/scExecuteResult.pb.go:582.98,583.40 1 0
gitlab.com/meta-node/core/proto/scExecuteResult.pb.go:584.11,585.20 1 0
gitlab.com/meta-node/core/proto/scExecuteResult.pb.go:586.11,587.24 1 0
gitlab.com/meta-node/core/proto/scExecuteResult.pb.go:588.11,589.28 1 0
gitlab.com/meta-node/core/proto/scExecuteResult.pb.go:590.12,591.15 1 0
gitlab.com/meta-node/core/proto/sync.pb.go:31.34,33.29 2 0
gitlab.com/meta-node/core/proto/sync.pb.go:33.29,37.3 3 0
gitlab.com/meta-node/core/proto/sync.pb.go:40.42,42.2 1 0
gitlab.com/meta-node/core/proto/sync.pb.go:44.40,44.41 0 0
gitlab.com/meta-node/core/proto/sync.pb.go:46.62,48.41 2 0
gitlab.com/meta-node/core/proto/sync.pb.go:55.2,55.24 1 0
gitlab.com/meta-node/core/proto/sync.pb.go:48.41,50.34 2 0
gitlab.com/meta-node/core/proto/sync.pb.go:53.3,53.12 1 0
gitlab.com/meta-node/core/proto/sync.pb.go:50.34,52.4 1 0
gitlab.com/meta-node/core/proto/sync.pb.go:59.53,61.2 1 0
gitlab.com/meta-node/core/proto/sync.pb.go:63.44,64.14 1 0
gitlab.com/meta-node/core/proto/sync.pb.go:67.2,67.12 1 0
gitlab.com/meta-node/core/proto/sync.pb.go:64.14,66.3 1 0
gitlab.com/meta-node/core/proto/sync.pb.go:80.28,82.29 2 0
gitlab.com/meta-node/core/proto/sync.pb.go:82.29,86.3 3 0
gitlab.com/meta-node/core/proto/sync.pb.go:89.36,91.2 1 0
gitlab.com/meta-node/core/proto/sync.pb.go:93.34,93.35 0 0
gitlab.com/meta-node/core/proto/sync.pb.go:95.56,97.41 2 0
gitlab.com/meta-node/core/proto/sync.pb.go:104.2,104.24 1 0
gitlab.com/meta-node/core/proto/sync.pb.go:97.41,99.34 2 0
gitlab.com/meta-node/core/proto/sync.pb.go:102.3,102.12 1 0
gitlab.com/meta-node/core/proto/sync.pb.go:99.34,101.4 1 0
gitlab.com/meta-node/core/proto/sync.pb.go:108.47,110.2 1 0
gitlab.com/meta-node/core/proto/sync.pb.go:112.57,113.14 1 0
gitlab.com/meta-node/core/proto/sync.pb.go:116.2,116.12 1 0
gitlab.com/meta-node/core/proto/sync.pb.go:113.14,115.3 1 0
gitlab.com/meta-node/core/proto/sync.pb.go:119.45,120.14 1 0
gitlab.com/meta-node/core/proto/sync.pb.go:123.2,123.12 1 0
gitlab.com/meta-node/core/proto/sync.pb.go:120.14,122.3 1 0
gitlab.com/meta-node/core/proto/sync.pb.go:126.39,127.14 1 0
gitlab.com/meta-node/core/proto/sync.pb.go:130.2,130.14 1 0
gitlab.com/meta-node/core/proto/sync.pb.go:127.14,129.3 1 0
gitlab.com/meta-node/core/proto/sync.pb.go:164.49,165.46 1 0
gitlab.com/meta-node/core/proto/sync.pb.go:168.2,168.42 1 0
gitlab.com/meta-node/core/proto/sync.pb.go:165.46,167.3 1 0
gitlab.com/meta-node/core/proto/sync.pb.go:188.13,188.45 1 1
gitlab.com/meta-node/core/proto/sync.pb.go:189.35,190.34 1 1
gitlab.com/meta-node/core/proto/sync.pb.go:193.2,194.30 2 1
gitlab.com/meta-node/core/proto/sync.pb.go:220.2,237.37 6 1
gitlab.com/meta-node/core/proto/sync.pb.go:190.34,192.3 1 0
gitlab.com/meta-node/core/proto/sync.pb.go:194.30,195.87 1 0
gitlab.com/meta-node/core/proto/sync.pb.go:207.3,207.87 1 0
gitlab.com/meta-node/core/proto/sync.pb.go:195.87,196.39 1 0
gitlab.com/meta-node/core/proto/sync.pb.go:197.11,198.20 1 0
gitlab.com/meta-node/core/proto/sync.pb.go:199.11,200.24 1 0
gitlab.com/meta-node/core/proto/sync.pb.go:201.11,202.28 1 0
gitlab.com/meta-node/core/proto/sync.pb.go:203.12,204.15 1 0
gitlab.com/meta-node/core/proto/sync.pb.go:207.87,208.33 1 0
gitlab.com/meta-node/core/proto/sync.pb.go:209.11,210.20 1 0
gitlab.com/meta-node/core/proto/sync.pb.go:211.11,212.24 1 0
gitlab.com/meta-node/core/proto/sync.pb.go:213.11,214.28 1 0
gitlab.com/meta-node/core/proto/sync.pb.go:215.12,216.15 1 0
gitlab.com/meta-node/core/proto/transaction.pb.go:42.31,44.29 2 0
gitlab.com/meta-node/core/proto/transaction.pb.go:44.29,48.3 3 0
gitlab.com/meta-node/core/proto/transaction.pb.go:51.39,53.2 1 0
gitlab.com/meta-node/core/proto/transaction.pb.go:55.37,55.38 0 0
gitlab.com/meta-node/core/proto/transaction.pb.go:57.59,59.41 2 0
gitlab.com/meta-node/core/proto/transaction.pb.go:66.2,66.24 1 0
gitlab.com/meta-node/core/proto/transaction.pb.go:59.41,61.34 2 0
gitlab.com/meta-node/core/proto/transaction.pb.go:64.3,64.12 1 0
gitlab.com/meta-node/core/proto/transaction.pb.go:61.34,63.4 1 0
gitlab.com/meta-node/core/proto/transaction.pb.go:70.50,72.2 1 0
gitlab.com/meta-node/core/proto/transaction.pb.go:74.40,75.14 1 0
gitlab.com/meta-node/core/proto/transaction.pb.go:78.2,78.12 1 0
gitlab.com/meta-node/core/proto/transaction.pb.go:75.14,77.3 1 0
gitlab.com/meta-node/core/proto/transaction.pb.go:81.47,82.14 1 0
gitlab.com/meta-node/core/proto/transaction.pb.go:85.2,85.12 1 0
gitlab.com/meta-node/core/proto/transaction.pb.go:82.14,84.3 1 0
gitlab.com/meta-node/core/proto/transaction.pb.go:88.45,89.14 1 0
gitlab.com/meta-node/core/proto/transaction.pb.go:92.2,92.12 1 0
gitlab.com/meta-node/core/proto/transaction.pb.go:89.14,91.3 1 0
gitlab.com/meta-node/core/proto/transaction.pb.go:95.42,96.14 1 0
gitlab.com/meta-node/core/proto/transaction.pb.go:99.2,99.12 1 0
gitlab.com/meta-node/core/proto/transaction.pb.go:96.14,98.3 1 0
gitlab.com/meta-node/core/proto/transaction.pb.go:102.46,103.14 1 0
gitlab.com/meta-node/core/proto/transaction.pb.go:106.2,106.12 1 0
gitlab.com/meta-node/core/proto/transaction.pb.go:103.14,105.3 1 0
gitlab.com/meta-node/core/proto/transaction.pb.go:109.43,110.14 1 0
gitlab.com/meta-node/core/proto/transaction.pb.go:113.2,113.12 1 0
gitlab.com/meta-node/core/proto/transaction.pb.go:110.14,112.3 1 0
gitlab.com/meta-node/core/proto/transaction.pb.go:116.42,117.14 1 0
gitlab.com/meta-node/core/proto/transaction.pb.go:120.2,120.12 1 0
gitlab.com/meta-node/core/proto/transaction.pb.go:117.14,119.3 1 0
gitlab.com/meta-node/core/proto/transaction.pb.go:123.39,124.14 1 0
gitlab.com/meta-node/core/proto/transaction.pb.go:127.2,127.12 1 0
gitlab.com/meta-node/core/proto/transaction.pb.go:124.14,126.3 1 0
gitlab.com/meta-node/core/proto/transaction.pb.go:130.50,131.14 1 0
gitlab.com/meta-node/core/proto/transaction.pb.go:134.2,134.12 1 0
gitlab.com/meta-node/core/proto/transaction.pb.go:131.14,133.3 1 0
gitlab.com/meta-node/core/proto/transaction.pb.go:137.61,138.14 1 0
gitlab.com/meta-node/core/proto/transaction.pb.go:141.2,141.12 1 0
gitlab.com/meta-node/core/proto/transaction.pb.go:138.14,140.3 1 0
gitlab.com/meta-node/core/proto/transaction.pb.go:144.40,145.14 1 0
gitlab.com/meta-node/core/proto/transaction.pb.go:148.2,148.12 1 0
gitlab.com/meta-node/core/proto/transaction.pb.go:145.14,147.3 1 0
gitlab.com/meta-node/core/proto/transaction.pb.go:151.57,152.14 1 0
gitlab.com/meta-node/core/proto/transaction.pb.go:155.2,155.12 1 0
gitlab.com/meta-node/core/proto/transaction.pb.go:152.14,154.3 1 0
gitlab.com/meta-node/core/proto/transaction.pb.go:174.28,176.29 2 0
gitlab.com/meta-node/core/proto/transaction.pb.go:176.29,180.3 3 0
gitlab.com/meta-node/core/proto/transaction.pb.go:183.36,185.2 1 0
gitlab.com/meta-node/core/proto/transaction.pb.go:187.34,187.35 0 0
gitlab.com/meta-node/core/proto/transaction.pb.go:189.56,191.41 2 1
gitlab.com/meta-node/core/proto/transaction.pb.go:198.2,198.24 1 0
gitlab.com/meta-node/core/proto/transaction.pb.go:191.41,193.34 2 1
gitlab.com/meta-node/core/proto/transaction.pb.go:196.3,196.12 1 1
gitlab.com/meta-node/core/proto/transaction.pb.go:193.34,195.4 1 1
gitlab.com/meta-node/core/proto/transaction.pb.go:202.47,204.2 1 0
gitlab.com/meta-node/core/proto/transaction.pb.go:206.44,207.14 1 0
gitlab.com/meta-node/core/proto/transaction.pb.go:210.2,210.12 1 0
gitlab.com/meta-node/core/proto/transaction.pb.go:207.14,209.3 1 0
gitlab.com/meta-node/core/proto/transaction.pb.go:213.42,214.14 1 0
gitlab.com/meta-node/core/proto/transaction.pb.go:217.2,217.12 1 0
gitlab.com/meta-node/core/proto/transaction.pb.go:214.14,216.3 1 0
gitlab.com/meta-node/core/proto/transaction.pb.go:220.39,221.14 1 0
gitlab.com/meta-node/core/proto/transaction.pb.go:224.2,224.12 1 0
gitlab.com/meta-node/core/proto/transaction.pb.go:221.14,223.3 1 0
gitlab.com/meta-node/core/proto/transaction.pb.go:227.43,228.14 1 0
gitlab.com/meta-node/core/proto/transaction.pb.go:231.2,231.12 1 0
gitlab.com/meta-node/core/proto/transaction.pb.go:228.14,230.3 1 0
gitlab.com/meta-node/core/proto/transaction.pb.go:234.40,235.14 1 0
gitlab.com/meta-node/core/proto/transaction.pb.go:238.2,238.12 1 0
gitlab.com/meta-node/core/proto/transaction.pb.go:235.14,237.3 1 0
gitlab.com/meta-node/core/proto/transaction.pb.go:241.39,242.14 1 0
gitlab.com/meta-node/core/proto/transaction.pb.go:245.2,245.12 1 0
gitlab.com/meta-node/core/proto/transaction.pb.go:242.14,244.3 1 0
gitlab.com/meta-node/core/proto/transaction.pb.go:248.36,249.14 1 0
gitlab.com/meta-node/core/proto/transaction.pb.go:252.2,252.12 1 0
gitlab.com/meta-node/core/proto/transaction.pb.go:249.14,251.3 1 0
gitlab.com/meta-node/core/proto/transaction.pb.go:255.47,256.14 1 0
gitlab.com/meta-node/core/proto/transaction.pb.go:259.2,259.12 1 0
gitlab.com/meta-node/core/proto/transaction.pb.go:256.14,258.3 1 0
gitlab.com/meta-node/core/proto/transaction.pb.go:262.45,263.14 1 0
gitlab.com/meta-node/core/proto/transaction.pb.go:266.2,266.12 1 0
gitlab.com/meta-node/core/proto/transaction.pb.go:263.14,265.3 1 0
gitlab.com/meta-node/core/proto/transaction.pb.go:279.35,281.29 2 0
gitlab.com/meta-node/core/proto/transaction.pb.go:281.29,285.3 3 0
gitlab.com/meta-node/core/proto/transaction.pb.go:288.43,290.2 1 0
gitlab.com/meta-node/core/proto/transaction.pb.go:292.41,292.42 0 0
gitlab.com/meta-node/core/proto/transaction.pb.go:294.63,296.41 2 1
gitlab.com/meta-node/core/proto/transaction.pb.go:303.2,303.24 1 1
gitlab.com/meta-node/core/proto/transaction.pb.go:296.41,298.34 2 0
gitlab.com/meta-node/core/proto/transaction.pb.go:301.3,301.12 1 0
gitlab.com/meta-node/core/proto/transaction.pb.go:298.34,300.4 1 0
gitlab.com/meta-node/core/proto/transaction.pb.go:307.54,309.2 1 0
gitlab.com/meta-node/core/proto/transaction.pb.go:311.44,312.14 1 0
gitlab.com/meta-node/core/proto/transaction.pb.go:315.2,315.11 1 0
gitlab.com/meta-node/core/proto/transaction.pb.go:312.14,314.3 1 0
gitlab.com/meta-node/core/proto/transaction.pb.go:318.55,319.14 1 0
gitlab.com/meta-node/core/proto/transaction.pb.go:322.2,322.12 1 0
gitlab.com/meta-node/core/proto/transaction.pb.go:319.14,321.3 1 0
gitlab.com/meta-node/core/proto/transaction.pb.go:325.51,326.14 1 0
gitlab.com/meta-node/core/proto/transaction.pb.go:329.2,329.12 1 0
gitlab.com/meta-node/core/proto/transaction.pb.go:326.14,328.3 1 0
gitlab.com/meta-node/core/proto/transaction.pb.go:342.30,344.29 2 0
gitlab.com/meta-node/core/proto/transaction.pb.go:344.29,348.3 3 0
gitlab.com/meta-node/core/proto/transaction.pb.go:351.38,353.2 1 0
gitlab.com/meta-node/core/proto/transaction.pb.go:355.36,355.37 0 0
gitlab.com/meta-node/core/proto/transaction.pb.go:357.58,359.41 2 1
gitlab.com/meta-node/core/proto/transaction.pb.go:366.2,366.24 1 1
gitlab.com/meta-node/core/proto/transaction.pb.go:359.41,361.34 2 0
gitlab.com/meta-node/core/proto/transaction.pb.go:364.3,364.12 1 0
gitlab.com/meta-node/core/proto/transaction.pb.go:361.34,363.4 1 0
gitlab.com/meta-node/core/proto/transaction.pb.go:370.49,372.2 1 0
gitlab.com/meta-node/core/proto/transaction.pb.go:374.39,375.14 1 0
gitlab.com/meta-node/core/proto/transaction.pb.go:378.2,378.12 1 0
gitlab.com/meta-node/core/proto/transaction.pb.go:375.14,377.3 1 0
gitlab.com/meta-node/core/proto/transaction.pb.go:381.46,382.14 1 0
gitlab.com/meta-node/core/proto/transaction.pb.go:385.2,385.11 1 0
gitlab.com/meta-node/core/proto/transaction.pb.go:382.14,384.3 1 0
gitlab.com/meta-node/core/proto/transaction.pb.go:388.43,389.14 1 0
gitlab.com/meta-node/core/proto/transaction.pb.go:392.2,392.32 1 0
gitlab.com/meta-node/core/proto/transaction.pb.go:389.14,391.3 1 0
gitlab.com/meta-node/core/proto/transaction.pb.go:405.28,407.29 2 0
gitlab.com/meta-node/core/proto/transaction.pb.go:407.29,411.3 3 0
gitlab.com/meta-node/core/proto/transaction.pb.go:414.36,416.2 1 0
gitlab.com/meta-node/core/proto/transaction.pb.go:418.34,418.35 0 0
gitlab.com/meta-node/core/proto/transaction.pb.go:420.56,422.41 2 1
gitlab.com/meta-node/core/proto/transaction.pb.go:429.2,429.24 1 1
gitlab.com/meta-node/core/proto/transaction.pb.go:422.41,424.34 2 0
gitlab.com/meta-node/core/proto/transaction.pb.go:427.3,427.12 1 0
gitlab.com/meta-node/core/proto/transaction.pb.go:424.34,426.4 1 0
gitlab.com/meta-node/core/proto/transaction.pb.go:433.47,435.2 1 0
gitlab.com/meta-node/core/proto/transaction.pb.go:437.38,438.14 1 0
gitlab.com/meta-node/core/proto/transaction.pb.go:441.2,441.12 1 0
gitlab.com/meta-node/core/proto/transaction.pb.go:438.14,440.3 1 0
gitlab.com/meta-node/core/proto/transaction.pb.go:444.43,445.14 1 0
gitlab.com/meta-node/core/proto/transaction.pb.go:448.2,448.11 1 0
gitlab.com/meta-node/core/proto/transaction.pb.go:445.14,447.3 1 0
gitlab.com/meta-node/core/proto/transaction.pb.go:451.47,452.14 1 0
gitlab.com/meta-node/core/proto/transaction.pb.go:455.2,455.12 1 0
gitlab.com/meta-node/core/proto/transaction.pb.go:452.14,454.3 1 0
gitlab.com/meta-node/core/proto/transaction.pb.go:546.56,547.53 1 0
gitlab.com/meta-node/core/proto/transaction.pb.go:550.2,550.49 1 0
gitlab.com/meta-node/core/proto/transaction.pb.go:547.53,549.3 1 0
gitlab.com/meta-node/core/proto/transaction.pb.go:578.13,578.52 1 1
gitlab.com/meta-node/core/proto/transaction.pb.go:579.42,580.41 1 1
gitlab.com/meta-node/core/proto/transaction.pb.go:583.2,584.30 2 1
gitlab.com/meta-node/core/proto/transaction.pb.go:646.2,663.44 6 1
gitlab.com/meta-node/core/proto/transaction.pb.go:580.41,582.3 1 1
gitlab.com/meta-node/core/proto/transaction.pb.go:584.30,585.94 1 0
gitlab.com/meta-node/core/proto/transaction.pb.go:597.3,597.94 1 0
gitlab.com/meta-node/core/proto/transaction.pb.go:609.3,609.94 1 0
gitlab.com/meta-node/core/proto/transaction.pb.go:621.3,621.94 1 0
gitlab.com/meta-node/core/proto/transaction.pb.go:633.3,633.94 1 0
gitlab.com/meta-node/core/proto/transaction.pb.go:585.94,586.36 1 0
gitlab.com/meta-node/core/proto/transaction.pb.go:587.11,588.20 1 0
gitlab.com/meta-node/core/proto/transaction.pb.go:589.11,590.24 1 0
gitlab.com/meta-node/core/proto/transaction.pb.go:591.11,592.28 1 0
gitlab.com/meta-node/core/proto/transaction.pb.go:593.12,594.15 1 0
gitlab.com/meta-node/core/proto/transaction.pb.go:597.94,598.33 1 0
gitlab.com/meta-node/core/proto/transaction.pb.go:599.11,600.20 1 0
gitlab.com/meta-node/core/proto/transaction.pb.go:601.11,602.24 1 0
gitlab.com/meta-node/core/proto/transaction.pb.go:603.11,604.28 1 0
gitlab.com/meta-node/core/proto/transaction.pb.go:605.12,606.15 1 0
gitlab.com/meta-node/core/proto/transaction.pb.go:609.94,610.40 1 0
gitlab.com/meta-node/core/proto/transaction.pb.go:611.11,612.20 1 0
gitlab.com/meta-node/core/proto/transaction.pb.go:613.11,614.24 1 0
gitlab.com/meta-node/core/proto/transaction.pb.go:615.11,616.28 1 0
gitlab.com/meta-node/core/proto/transaction.pb.go:617.12,618.15 1 0
gitlab.com/meta-node/core/proto/transaction.pb.go:621.94,622.35 1 0
gitlab.com/meta-node/core/proto/transaction.pb.go:623.11,624.20 1 0
gitlab.com/meta-node/core/proto/transaction.pb.go:625.11,626.24 1 0
gitlab.com/meta-node/core/proto/transaction.pb.go:627.11,628.28 1 0
gitlab.com/meta-node/core/proto/transaction.pb.go:629.12,630.15 1 0
gitlab.com/meta-node/core/proto/transaction.pb.go:633.94,634.33 1 0
gitlab.com/meta-node/core/proto/transaction.pb.go:635.11,636.20 1 0
gitlab.com/meta-node/core/proto/transaction.pb.go:637.11,638.24 1 0
gitlab.com/meta-node/core/proto/transaction.pb.go:639.11,640.28 1 0
gitlab.com/meta-node/core/proto/transaction.pb.go:641.12,642.15 1 0
gitlab.com/meta-node/core/proto/check.pb.go:32.32,34.29 2 0
gitlab.com/meta-node/core/proto/check.pb.go:34.29,38.3 3 0
gitlab.com/meta-node/core/proto/check.pb.go:41.40,43.2 1 0
gitlab.com/meta-node/core/proto/check.pb.go:45.38,45.39 0 0
gitlab.com/meta-node/core/proto/check.pb.go:47.60,49.41 2 0
gitlab.com/meta-node/core/proto/check.pb.go:56.2,56.24 1 0
gitlab.com/meta-node/core/proto/check.pb.go:49.41,51.34 2 0
gitlab.com/meta-node/core/proto/check.pb.go:54.3,54.12 1 0
gitlab.com/meta-node/core/proto/check.pb.go:51.34,53.4 1 0
gitlab.com/meta-node/core/proto/check.pb.go:60.51,62.2 1 0
gitlab.com/meta-node/core/proto/check.pb.go:64.57,65.14 1 0
gitlab.com/meta-node/core/proto/check.pb.go:68.2,68.12 1 0
gitlab.com/meta-node/core/proto/check.pb.go:65.14,67.3 1 0
gitlab.com/meta-node/core/proto/check.pb.go:71.53,72.14 1 0
gitlab.com/meta-node/core/proto/check.pb.go:75.2,75.12 1 0
gitlab.com/meta-node/core/proto/check.pb.go:72.14,74.3 1 0
gitlab.com/meta-node/core/proto/check.pb.go:87.33,89.29 2 0
gitlab.com/meta-node/core/proto/check.pb.go:89.29,93.3 3 0
gitlab.com/meta-node/core/proto/check.pb.go:96.41,98.2 1 0
gitlab.com/meta-node/core/proto/check.pb.go:100.39,100.40 0 0
gitlab.com/meta-node/core/proto/check.pb.go:102.61,104.41 2 0
gitlab.com/meta-node/core/proto/check.pb.go:111.2,111.24 1 0
gitlab.com/meta-node/core/proto/check.pb.go:104.41,106.34 2 0
gitlab.com/meta-node/core/proto/check.pb.go:109.3,109.12 1 0
gitlab.com/meta-node/core/proto/check.pb.go:106.34,108.4 1 0
gitlab.com/meta-node/core/proto/check.pb.go:115.52,117.2 1 0
gitlab.com/meta-node/core/proto/check.pb.go:119.58,120.14 1 0
gitlab.com/meta-node/core/proto/check.pb.go:123.2,123.12 1 0
gitlab.com/meta-node/core/proto/check.pb.go:120.14,122.3 1 0
gitlab.com/meta-node/core/proto/check.pb.go:126.54,127.14 1 0
gitlab.com/meta-node/core/proto/check.pb.go:130.2,130.12 1 0
gitlab.com/meta-node/core/proto/check.pb.go:127.14,129.3 1 0
gitlab.com/meta-node/core/proto/check.pb.go:143.31,145.29 2 0
gitlab.com/meta-node/core/proto/check.pb.go:145.29,149.3 3 0
gitlab.com/meta-node/core/proto/check.pb.go:152.39,154.2 1 0
gitlab.com/meta-node/core/proto/check.pb.go:156.37,156.38 0 0
gitlab.com/meta-node/core/proto/check.pb.go:158.59,160.41 2 0
gitlab.com/meta-node/core/proto/check.pb.go:167.2,167.24 1 0
gitlab.com/meta-node/core/proto/check.pb.go:160.41,162.34 2 0
gitlab.com/meta-node/core/proto/check.pb.go:165.3,165.12 1 0
gitlab.com/meta-node/core/proto/check.pb.go:162.34,164.4 1 0
gitlab.com/meta-node/core/proto/check.pb.go:171.50,173.2 1 0
gitlab.com/meta-node/core/proto/check.pb.go:175.65,176.14 1 0
gitlab.com/meta-node/core/proto/check.pb.go:179.2,179.12 1 0
gitlab.com/meta-node/core/proto/check.pb.go:176.14,178.3 1 0
gitlab.com/meta-node/core/proto/check.pb.go:182.65,183.14 1 0
gitlab.com/meta-node/core/proto/check.pb.go:186.2,186.12 1 0
gitlab.com/meta-node/core/proto/check.pb.go:183.14,185.3 1 0
gitlab.com/meta-node/core/proto/check.pb.go:189.68,190.14 1 0
gitlab.com/meta-node/core/proto/check.pb.go:193.2,193.12 1 0
gitlab.com/meta-node/core/proto/check.pb.go:190.14,192.3 1 0
gitlab.com/meta-node/core/proto/check.pb.go:206.32,208.29 2 0
gitlab.com/meta-node/core/proto/check.pb.go:208.29,212.3 3 0
gitlab.com/meta-node/core/proto/check.pb.go:215.40,217.2 1 0
gitlab.com/meta-node/core/proto/check.pb.go:219.38,219.39 0 0
gitlab.com/meta-node/core/proto/check.pb.go:221.60,223.41 2 0
gitlab.com/meta-node/core/proto/check.pb.go:230.2,230.24 1 0
gitlab.com/meta-node/core/proto/check.pb.go:223.41,225.34 2 0
gitlab.com/meta-node/core/proto/check.pb.go:228.3,228.12 1 0
gitlab.com/meta-node/core/proto/check.pb.go:225.34,227.4 1 0
gitlab.com/meta-node/core/proto/check.pb.go:234.51,236.2 1 0
gitlab.com/meta-node/core/proto/check.pb.go:238.57,239.14 1 0
gitlab.com/meta-node/core/proto/check.pb.go:242.2,242.12 1 0
gitlab.com/meta-node/core/proto/check.pb.go:239.14,241.3 1 0
gitlab.com/meta-node/core/proto/check.pb.go:245.46,246.14 1 0
gitlab.com/meta-node/core/proto/check.pb.go:249.2,249.12 1 0
gitlab.com/meta-node/core/proto/check.pb.go:246.14,248.3 1 0
gitlab.com/meta-node/core/proto/check.pb.go:252.63,253.14 1 0
gitlab.com/meta-node/core/proto/check.pb.go:256.2,256.12 1 0
gitlab.com/meta-node/core/proto/check.pb.go:253.14,255.3 1 0
gitlab.com/meta-node/core/proto/check.pb.go:335.50,336.47 1 0
gitlab.com/meta-node/core/proto/check.pb.go:339.2,339.43 1 0
gitlab.com/meta-node/core/proto/check.pb.go:336.47,338.3 1 0
gitlab.com/meta-node/core/proto/check.pb.go:374.13,374.46 1 1
gitlab.com/meta-node/core/proto/check.pb.go:375.36,376.35 1 1
gitlab.com/meta-node/core/proto/check.pb.go:379.2,381.30 3 1
gitlab.com/meta-node/core/proto/check.pb.go:431.2,448.38 6 1
gitlab.com/meta-node/core/proto/check.pb.go:376.35,378.3 1 0
gitlab.com/meta-node/core/proto/check.pb.go:381.30,382.88 1 0
gitlab.com/meta-node/core/proto/check.pb.go:394.3,394.88 1 0
gitlab.com/meta-node/core/proto/check.pb.go:406.3,406.88 1 0
gitlab.com/meta-node/core/proto/check.pb.go:418.3,418.88 1 0
gitlab.com/meta-node/core/proto/check.pb.go:382.88,383.37 1 0
gitlab.com/meta-node/core/proto/check.pb.go:384.11,385.20 1 0
gitlab.com/meta-node/core/proto/check.pb.go:386.11,387.24 1 0
gitlab.com/meta-node/core/proto/check.pb.go:388.11,389.28 1 0
gitlab.com/meta-node/core/proto/check.pb.go:390.12,391.15 1 0
gitlab.com/meta-node/core/proto/check.pb.go:394.88,395.38 1 0
gitlab.com/meta-node/core/proto/check.pb.go:396.11,397.20 1 0
gitlab.com/meta-node/core/proto/check.pb.go:398.11,399.24 1 0
gitlab.com/meta-node/core/proto/check.pb.go:400.11,401.28 1 0
gitlab.com/meta-node/core/proto/check.pb.go:402.12,403.15 1 0
gitlab.com/meta-node/core/proto/check.pb.go:406.88,407.36 1 0
gitlab.com/meta-node/core/proto/check.pb.go:408.11,409.20 1 0
gitlab.com/meta-node/core/proto/check.pb.go:410.11,411.24 1 0
gitlab.com/meta-node/core/proto/check.pb.go:412.11,413.28 1 0
gitlab.com/meta-node/core/proto/check.pb.go:414.12,415.15 1 0
gitlab.com/meta-node/core/proto/check.pb.go:418.88,419.37 1 0
gitlab.com/meta-node/core/proto/check.pb.go:420.11,421.20 1 0
gitlab.com/meta-node/core/proto/check.pb.go:422.11,423.24 1 0
gitlab.com/meta-node/core/proto/check.pb.go:424.11,425.28 1 0
gitlab.com/meta-node/core/proto/check.pb.go:426.12,427.15 1 0
gitlab.com/meta-node/core/proto/log.pb.go:33.23,35.29 2 0
gitlab.com/meta-node/core/proto/log.pb.go:35.29,39.3 3 0
gitlab.com/meta-node/core/proto/log.pb.go:42.31,44.2 1 0
gitlab.com/meta-node/core/proto/log.pb.go:46.29,46.30 0 0
gitlab.com/meta-node/core/proto/log.pb.go:48.51,50.41 2 0
gitlab.com/meta-node/core/proto/log.pb.go:57.2,57.24 1 0
gitlab.com/meta-node/core/proto/log.pb.go:50.41,52.34 2 0
gitlab.com/meta-node/core/proto/log.pb.go:55.3,55.12 1 0
gitlab.com/meta-node/core/proto/log.pb.go:52.34,54.4 1 0
gitlab.com/meta-node/core/proto/log.pb.go:61.42,63.2 1 0
gitlab.com/meta-node/core/proto/log.pb.go:65.35,66.14 1 0
gitlab.com/meta-node/core/proto/log.pb.go:69.2,69.12 1 0
gitlab.com/meta-node/core/proto/log.pb.go:66.14,68.3 1 0
gitlab.com/meta-node/core/proto/log.pb.go:72.32,73.14 1 0
gitlab.com/meta-node/core/proto/log.pb.go:76.2,76.12 1 0
gitlab.com/meta-node/core/proto/log.pb.go:73.14,75.3 1 0
gitlab.com/meta-node/core/proto/log.pb.go:79.36,80.14 1 0
gitlab.com/meta-node/core/proto/log.pb.go:83.2,83.12 1 0
gitlab.com/meta-node/core/proto/log.pb.go:80.14,82.3 1 0
gitlab.com/meta-node/core/proto/log.pb.go:104.48,105.45 1 0
gitlab.com/meta-node/core/proto/log.pb.go:108.2,108.41 1 0
gitlab.com/meta-node/core/proto/log.pb.go:105.45,107.3 1 0
gitlab.com/meta-node/core/proto/log.pb.go:123.13,123.44 1 1
gitlab.com/meta-node/core/proto/log.pb.go:124.34,125.33 1 1
gitlab.com/meta-node/core/proto/log.pb.go:128.2,128.30 1 1
gitlab.com/meta-node/core/proto/log.pb.go:142.2,159.36 6 1
gitlab.com/meta-node/core/proto/log.pb.go:125.33,127.3 1 1
gitlab.com/meta-node/core/proto/log.pb.go:128.30,129.86 1 0
gitlab.com/meta-node/core/proto/log.pb.go:129.86,130.28 1 0
gitlab.com/meta-node/core/proto/log.pb.go:131.11,132.20 1 0
gitlab.com/meta-node/core/proto/log.pb.go:133.11,134.24 1 0
gitlab.com/meta-node/core/proto/log.pb.go:135.11,136.28 1 0
gitlab.com/meta-node/core/proto/log.pb.go:137.12,138.15 1 0
gitlab.com/meta-node/core/network/server.go:7.40,12.2 2 0
gitlab.com/meta-node/core/proto/accountState.pb.go:42.34,46.2 3 1
gitlab.com/meta-node/core/proto/accountState.pb.go:48.34,50.2 1 0
gitlab.com/meta-node/core/proto/accountState.pb.go:52.57,54.2 1 1
gitlab.com/meta-node/core/proto/accountState.pb.go:56.45,58.2 1 0
gitlab.com/meta-node/core/proto/accountState.pb.go:60.51,62.2 1 0
gitlab.com/meta-node/core/proto/accountState.pb.go:65.49,67.2 1 0
gitlab.com/meta-node/core/proto/accountState.pb.go:82.32,84.29 2 0
gitlab.com/meta-node/core/proto/accountState.pb.go:84.29,88.3 3 0
gitlab.com/meta-node/core/proto/accountState.pb.go:91.40,93.2 1 0
gitlab.com/meta-node/core/proto/accountState.pb.go:95.38,95.39 0 0
gitlab.com/meta-node/core/proto/accountState.pb.go:97.60,99.41 2 0
gitlab.com/meta-node/core/proto/accountState.pb.go:106.2,106.24 1 0
gitlab.com/meta-node/core/proto/accountState.pb.go:99.41,101.34 2 0
gitlab.com/meta-node/core/proto/accountState.pb.go:104.3,104.12 1 0
gitlab.com/meta-node/core/proto/accountState.pb.go:101.34,103.4 1 0
gitlab.com/meta-node/core/proto/accountState.pb.go:110.51,112.2 1 0
gitlab.com/meta-node/core/proto/accountState.pb.go:114.44,115.14 1 0
gitlab.com/meta-node/core/proto/accountState.pb.go:118.2,118.12 1 0
gitlab.com/meta-node/core/proto/accountState.pb.go:115.14,117.3 1 0
gitlab.com/meta-node/core/proto/accountState.pb.go:121.45,122.14 1 0
gitlab.com/meta-node/core/proto/accountState.pb.go:125.2,125.12 1 0
gitlab.com/meta-node/core/proto/accountState.pb.go:122.14,124.3 1 0
gitlab.com/meta-node/core/proto/accountState.pb.go:128.44,129.14 1 0
gitlab.com/meta-node/core/proto/accountState.pb.go:132.2,132.12 1 0
gitlab.com/meta-node/core/proto/accountState.pb.go:129.14,131.3 1 0
gitlab.com/meta-node/core/proto/accountState.pb.go:135.51,136.14 1 0
gitlab.com/meta-node/core/proto/accountState.pb.go:139.2,139.12 1 0
gitlab.com/meta-node/core/proto/accountState.pb.go:136.14,138.3 1 0
gitlab.com/meta-node/core/proto/accountState.pb.go:142.66,143.14 1 0
gitlab.com/meta-node/core/proto/accountState.pb.go:146.2,146.12 1 0
gitlab.com/meta-node/core/proto/accountState.pb.go:143.14,145.3 1 0
gitlab.com/meta-node/core/proto/accountState.pb.go:149.68,150.14 1 0
gitlab.com/meta-node/core/proto/accountState.pb.go:153.2,153.12 1 0
gitlab.com/meta-node/core/proto/accountState.pb.go:150.14,152.3 1 0
gitlab.com/meta-node/core/proto/accountState.pb.go:167.37,169.29 2 0
gitlab.com/meta-node/core/proto/accountState.pb.go:169.29,173.3 3 0
gitlab.com/meta-node/core/proto/accountState.pb.go:176.45,178.2 1 0
gitlab.com/meta-node/core/proto/accountState.pb.go:180.43,180.44 0 0
gitlab.com/meta-node/core/proto/accountState.pb.go:182.65,184.41 2 0
gitlab.com/meta-node/core/proto/accountState.pb.go:191.2,191.24 1 0
gitlab.com/meta-node/core/proto/accountState.pb.go:184.41,186.34 2 0
gitlab.com/meta-node/core/proto/accountState.pb.go:189.3,189.12 1 0
gitlab.com/meta-node/core/proto/accountState.pb.go:186.34,188.4 1 0
gitlab.com/meta-node/core/proto/accountState.pb.go:195.56,197.2 1 0
gitlab.com/meta-node/core/proto/accountState.pb.go:199.58,200.14 1 0
gitlab.com/meta-node/core/proto/accountState.pb.go:203.2,203.12 1 0
gitlab.com/meta-node/core/proto/accountState.pb.go:200.14,202.3 1 0
gitlab.com/meta-node/core/proto/accountState.pb.go:206.50,207.14 1 0
gitlab.com/meta-node/core/proto/accountState.pb.go:210.2,210.32 1 0
gitlab.com/meta-node/core/proto/accountState.pb.go:207.14,209.3 1 0
gitlab.com/meta-node/core/proto/accountState.pb.go:213.51,214.14 1 0
gitlab.com/meta-node/core/proto/accountState.pb.go:217.2,217.12 1 0
gitlab.com/meta-node/core/proto/accountState.pb.go:214.14,216.3 1 0
gitlab.com/meta-node/core/proto/accountState.pb.go:220.53,221.14 1 0
gitlab.com/meta-node/core/proto/accountState.pb.go:224.2,224.11 1 0
gitlab.com/meta-node/core/proto/accountState.pb.go:221.14,223.3 1 0
gitlab.com/meta-node/core/proto/accountState.pb.go:236.38,238.29 2 0
gitlab.com/meta-node/core/proto/accountState.pb.go:238.29,242.3 3 0
gitlab.com/meta-node/core/proto/accountState.pb.go:245.46,247.2 1 0
gitlab.com/meta-node/core/proto/accountState.pb.go:249.44,249.45 0 0
gitlab.com/meta-node/core/proto/accountState.pb.go:251.66,253.41 2 0
gitlab.com/meta-node/core/proto/accountState.pb.go:260.2,260.24 1 0
gitlab.com/meta-node/core/proto/accountState.pb.go:253.41,255.34 2 0
gitlab.com/meta-node/core/proto/accountState.pb.go:258.3,258.12 1 0
gitlab.com/meta-node/core/proto/accountState.pb.go:255.34,257.4 1 0
gitlab.com/meta-node/core/proto/accountState.pb.go:264.57,266.2 1 0
gitlab.com/meta-node/core/proto/accountState.pb.go:268.47,269.14 1 0
gitlab.com/meta-node/core/proto/accountState.pb.go:272.2,272.12 1 0
gitlab.com/meta-node/core/proto/accountState.pb.go:269.14,271.3 1 0
gitlab.com/meta-node/core/proto/accountState.pb.go:275.50,276.14 1 0
gitlab.com/meta-node/core/proto/accountState.pb.go:279.2,279.11 1 0
gitlab.com/meta-node/core/proto/accountState.pb.go:276.14,278.3 1 0
gitlab.com/meta-node/core/proto/accountState.pb.go:334.57,335.54 1 0
gitlab.com/meta-node/core/proto/accountState.pb.go:338.2,338.50 1 0
gitlab.com/meta-node/core/proto/accountState.pb.go:335.54,337.3 1 0
gitlab.com/meta-node/core/proto/accountState.pb.go:360.13,360.53 1 1
gitlab.com/meta-node/core/proto/accountState.pb.go:361.43,362.42 1 1
gitlab.com/meta-node/core/proto/accountState.pb.go:365.2,365.30 1 1
gitlab.com/meta-node/core/proto/accountState.pb.go:403.2,421.45 6 1
gitlab.com/meta-node/core/proto/accountState.pb.go:362.42,364.3 1 1
gitlab.com/meta-node/core/proto/accountState.pb.go:365.30,366.95 1 0
gitlab.com/meta-node/core/proto/accountState.pb.go:378.3,378.95 1 0
gitlab.com/meta-node/core/proto/accountState.pb.go:390.3,390.95 1 0
gitlab.com/meta-node/core/proto/accountState.pb.go:366.95,367.37 1 0
gitlab.com/meta-node/core/proto/accountState.pb.go:368.11,369.20 1 0
gitlab.com/meta-node/core/proto/accountState.pb.go:370.11,371.24 1 0
gitlab.com/meta-node/core/proto/accountState.pb.go:372.11,373.28 1 0
gitlab.com/meta-node/core/proto/accountState.pb.go:374.12,375.15 1 0
gitlab.com/meta-node/core/proto/accountState.pb.go:378.95,379.42 1 0
gitlab.com/meta-node/core/proto/accountState.pb.go:380.11,381.20 1 0
gitlab.com/meta-node/core/proto/accountState.pb.go:382.11,383.24 1 0
gitlab.com/meta-node/core/proto/accountState.pb.go:384.11,385.28 1 0
gitlab.com/meta-node/core/proto/accountState.pb.go:386.12,387.15 1 0
gitlab.com/meta-node/core/proto/accountState.pb.go:390.95,391.43 1 0
gitlab.com/meta-node/core/proto/accountState.pb.go:392.11,393.20 1 0
gitlab.com/meta-node/core/proto/accountState.pb.go:394.11,395.24 1 0
gitlab.com/meta-node/core/proto/accountState.pb.go:396.11,397.28 1 0
gitlab.com/meta-node/core/proto/accountState.pb.go:398.12,399.15 1 0
gitlab.com/meta-node/core/controllers/transaction.go:15.44,35.2 9 1
gitlab.com/meta-node/core/controllers/transaction.go:37.61,52.2 4 1
gitlab.com/meta-node/core/controllers/transaction.go:54.69,57.2 2 1
gitlab.com/meta-node/core/controllers/transaction.go:59.67,64.2 1 1
gitlab.com/meta-node/core/controllers/transaction.go:66.71,68.2 1 1
gitlab.com/meta-node/core/controllers/transaction.go:70.91,72.2 1 1
gitlab.com/meta-node/core/controllers/transaction.go:79.8,88.2 2 1
gitlab.com/meta-node/core/controllers/transaction.go:90.64,110.4 8 1
gitlab.com/meta-node/core/controllers/transaction.go:114.2,114.31 1 1
gitlab.com/meta-node/core/controllers/transaction.go:110.4,112.3 1 0
gitlab.com/meta-node/core/controllers/transaction.go:117.94,121.2 1 1
gitlab.com/meta-node/core/controllers/transaction.go:123.99,128.2 3 1
gitlab.com/meta-node/core/controllers/transaction.go:130.105,132.2 1 1
gitlab.com/meta-node/core/controllers/transaction.go:134.151,144.2 3 1
gitlab.com/meta-node/core/controllers/transaction.go:146.110,147.61 1 1
gitlab.com/meta-node/core/controllers/transaction.go:152.2,152.13 1 1
gitlab.com/meta-node/core/controllers/transaction.go:147.61,150.3 2 1
gitlab.com/meta-node/core/controllers/transaction.go:155.62,157.2 1 1
